<?xml version="1.0" encoding="UTF-8"?>
<testng-results ignored="0" total="1" passed="1" failed="0" skipped="0">
  <reporter-output>
  </reporter-output>
  <suite started-at="2022-05-18T11:08:29 IST" name="Default suite" finished-at="2022-05-18T11:08:30 IST" duration-ms="729">
    <groups>
      <group name="cucumber">
        <method signature="AbstractTestNGCucumberTests.runScenario(io.cucumber.testng.PickleWrapper,io.cucumber.testng.FeatureWrapper)[pri:0, instance:CucumberOptions.TestNGTestRunner@192d43ce]" name="runScenario" class="io.cucumber.testng.AbstractTestNGCucumberTests"/>
      </group> <!-- cucumber -->
    </groups>
    <test started-at="2022-05-18T11:08:29 IST" name="Default test" finished-at="2022-05-18T11:08:30 IST" duration-ms="729">
      <class name="CucumberOptions.TestNGTestRunner">
        <test-method is-config="true" signature="setUpClass(org.testng.ITestContext)[pri:0, instance:CucumberOptions.TestNGTestRunner@192d43ce]" started-at="2022-05-18T11:08:29 IST" name="setUpClass" finished-at="2022-05-18T11:08:30 IST" duration-ms="490" status="PASS">
          <params>
            <param index="0">
              <value>
                <![CDATA[org.testng.TestRunner@6581dc0a]]>
              </value>
            </param>
          </params>
          <reporter-output>
          </reporter-output>
        </test-method> <!-- setUpClass -->
        <test-method signature="runScenario(io.cucumber.testng.PickleWrapper,io.cucumber.testng.FeatureWrapper)[pri:0, instance:CucumberOptions.TestNGTestRunner@192d43ce]" started-at="2022-05-18T11:08:30 IST" name="runScenario" description="Runs Cucumber Scenarios" data-provider="scenarios" finished-at="2022-05-18T11:08:30 IST" duration-ms="140" status="PASS">
          <params>
            <param index="0">
              <value>
                <![CDATA["Google Search with Selenium Keyword"]]>
              </value>
            </param>
            <param index="1">
              <value>
                <![CDATA["Google Search"]]>
              </value>
            </param>
          </params>
          <reporter-output>
          </reporter-output>
        </test-method> <!-- runScenario -->
        <test-method is-config="true" signature="tearDownClass()[pri:0, instance:CucumberOptions.TestNGTestRunner@192d43ce]" started-at="2022-05-18T11:08:30 IST" name="tearDownClass" finished-at="2022-05-18T11:08:30 IST" duration-ms="20" status="PASS">
          <reporter-output>
          </reporter-output>
        </test-method> <!-- tearDownClass -->
      </class> <!-- CucumberOptions.TestNGTestRunner -->
    </test> <!-- Default test -->
  </suite> <!-- Default suite -->
</testng-results>
