<?xml version="1.0" encoding="UTF-8"?>
<!-- Generated by org.testng.reporters.JUnitReportReporter -->
<testsuite hostname="DESKTOP-P8R83OF" failures="1" tests="1" name="cucumberOptions.FailedTestCaseRunner" time="10.914" errors="0" timestamp="2022-07-10T01:37:00 IST" skipped="0">
  <testcase classname="cucumberOptions.FailedTestCaseRunner" name="runScenario" time="10.914">
    <failure message="expected [No data] but found [Beetroot]" type="java.lang.AssertionError">
      <![CDATA[java.lang.AssertionError: expected [No data] but found [Beetroot]
at org.testng.Assert.fail(Assert.java:110)
at org.testng.Assert.failNotEquals(Assert.java:1413)
at org.testng.Assert.assertEqualsImpl(Assert.java:149)
at org.testng.Assert.assertEquals(Assert.java:131)
at org.testng.Assert.assertEquals(Assert.java:655)
at org.testng.Assert.assertEquals(Assert.java:665)
at stepDefinitions.OffersPageStepDefinition.Validate_Product_name_in_offers_page_matches_with_landing_page(OffersPageStepDefinition.java:45)
at ✽.Validate Product name in offers page matches with landing page(file:///C:/Users/Dell/eclipse-workspace/CucumberFramework/src/test/java/features/searchProduct.feature:8)
]]>
    </failure>
  </testcase> <!-- runScenario -->
  <system-out/>
</testsuite> <!-- cucumberOptions.FailedTestCaseRunner -->
